<?xml version="1.0" encoding="UTF-8"?>
<!-- Generated by org.testng.reporters.JUnitReportReporter -->
<testsuite hostname="LAPTOP-74TS1VRG" failures="0" tests="1" name="testCases.TC_001_AccountRegistration" time="5.100" errors="0" timestamp="2021-06-25T16:36:37 EDT" skipped="0">
  <testcase classname="testCases.TC_001_AccountRegistration" name="test_account_Registration" time="5.100"/>
  <system-out/>
</testsuite> <!-- testCases.TC_001_AccountRegistration -->
