<?xml version="1.0" encoding="UTF-8"?>
<!-- Generated by org.testng.reporters.JUnitReportReporter -->
<testsuite hostname="LAPTOP-74TS1VRG" failures="0" tests="1" name="testCases.TC_002_Login" time="4.105" errors="0" timestamp="2021-06-25T16:35:07 EDT" skipped="0">
  <testcase classname="testCases.TC_002_Login" name="testLogin" time="4.105"/>
  <system-out/>
</testsuite> <!-- testCases.TC_002_Login -->
