<?xml version="1.0" encoding="UTF-8"?>
<!-- Generated by org.testng.reporters.JUnitReportReporter -->
<testsuite skipped="0" hostname="LAPTOP-74TS1VRG" name="testCases.TC_002_Login" tests="1" failures="0" timestamp="2021-07-08T17:58:39 EDT" time="4.434" errors="0">
  <testcase name="testLogin" time="4.434" classname="testCases.TC_002_Login"/>
  <system-out/>
</testsuite> <!-- testCases.TC_002_Login -->
