<?xml version="1.0" encoding="UTF-8"?>
<!-- Generated by org.testng.reporters.JUnitReportReporter -->
<testsuite skipped="0" hostname="LAPTOP-74TS1VRG" name="testCases.TC_002_Login" tests="1" failures="0" timestamp="2021-06-26T18:04:45 EDT" time="5.190" errors="0">
  <testcase name="testLogin" time="5.190" classname="testCases.TC_002_Login"/>
  <system-out/>
</testsuite> <!-- testCases.TC_002_Login -->
