<?xml version="1.0" encoding="UTF-8"?>
<!-- Generated by org.testng.reporters.JUnitReportReporter -->
<testsuite skipped="0" hostname="LAPTOP-74TS1VRG" name="testCases.TC_001_AccountRegistration" tests="1" failures="0" timestamp="2021-07-08T17:58:39 EDT" time="5.756" errors="0">
  <testcase name="test_account_Registration" time="5.756" classname="testCases.TC_001_AccountRegistration"/>
  <system-out/>
</testsuite> <!-- testCases.TC_001_AccountRegistration -->
